<?xml version="1.0" encoding="UTF-8"?>
<testsuites name="Climate_Top_Navigation_Regression" time="107.443" tests="2" failures="0" errors="0">
   <testsuite name="Climate_Top_Navigation_Regression" tests="2" failures="0" errors="0" time="107.443" skipped="0" timestamp="2022-04-25 18:29:32" hostname="Harvey.Jandayan - PHCORPLBVMQLQ2.emrsn.org" id="Test Suites/Climate_Top_Navigation_Regression">
      <properties>
         <property name="deviceName" value=""/>
         <property name="devicePlatform" value=""/>
         <property name="logFolder" value="C:\\Users\\harvey.jandayan\\git\\katalon-digitalmarketing\\Reports\\20220425_182928\\Climate_Top_Navigation_Regression\\20220425_182928"/>
         <property name="logFiles" value="C:\\Users\\harvey.jandayan\\git\\katalon-digitalmarketing\\Reports\\20220425_182928\\Climate_Top_Navigation_Regression\\20220425_182928\\execution0.log"/>
         <property name="attachments" value="C:\\Users\\harvey.jandayan\\git\\katalon-digitalmarketing\\Reports\\20220425_182928\\Climate_Top_Navigation_Regression\\20220425_182928\\1650882589134.png"/>
         <property name="hostName" value="Harvey.Jandayan - PHCORPLBVMQLQ2.emrsn.org"/>
         <property name="os" value="Windows 10 64bit"/>
         <property name="katalonVersion" value="8.3.0.208"/>
         <property name="browser" value="Chrome 100.0.4896.127"/>
         <property name="hostAddress" value="10.169.2.33"/>
         <property name="sessionId" value="2e31ef20e2286108fcc7fea2a5a8e187"/>
         <property name="seleniumVersion" value="3.141.59"/>
         <property name="proxyInformation" value="ProxyInformation { proxyOption=NO_PROXY, proxyServerType=HTTP, username=, password=********, proxyServerAddress=, proxyServerPort=0, executionList=&quot;&quot;, isApplyToDesiredCapabilities=true }"/>
         <property name="platform" value="Windows 10"/>
      </properties>
      <testcase name="Test Cases/04252022_Climate Blackbar Navigation" time="61.935" classname="Test Cases/04252022_Climate Blackbar Navigation" status="PASSED">
         <system-out><![CDATA[2022-04-25 18:29:49 - [TEST_CASE][PASSED] - Test Cases/04252022_Climate Blackbar Navigation: Test Cases/04252022_Climate Blackbar Navigation

2022-04-25 18:29:49 - [TEST_STEP][PASSED] - openBrowser(""): Browser is opened with url: ''

2022-04-25 18:29:49 - [MESSAGE][WARNING] - A browser is already opened. Closing browser and opening a new one

2022-04-25 18:29:50 - [MESSAGE][INFO] - Starting 'Chrome' driver

2022-04-25 18:29:50 - [MESSAGE][INFO] - Action delay is set to 0 milliseconds

2022-04-25 18:29:52 - [MESSAGE][PASSED] - Browser is opened with url: ''

2022-04-25 18:29:52 - [TEST_STEP][PASSED] - navigateToUrl("https://climate.emerson.com/en-us"): Navigate to 'https://climate.emerson.com/en-us' successfully

2022-04-25 18:29:59 - [MESSAGE][PASSED] - Navigate to 'https://climate.emerson.com/en-us' successfully

2022-04-25 18:29:59 - [TEST_STEP][PASSED] - click(findTestObject("Object Repository/04252022_Climate_Blackbar_Navigation/Page_HVACR Technology and Infrastructure So_f4d782/button_Accept All Cookies")): Object: 'Object Repository/04252022_Climate_Blackbar_Navigation/Page_HVACR Technology and Infrastructure So_f4d782/button_Accept All Cookies' is clicked on

2022-04-25 18:30:01 - [MESSAGE][PASSED] - Object: 'Object Repository/04252022_Climate_Blackbar_Navigation/Page_HVACR Technology and Infrastructure So_f4d782/button_Accept All Cookies' is clicked on

2022-04-25 18:30:01 - [TEST_STEP][PASSED] - click(findTestObject("Object Repository/04252022_Climate_Blackbar_Navigation/Page_HVACR Technology and Infrastructure So_f4d782/a_About Us")): Object: 'Object Repository/04252022_Climate_Blackbar_Navigation/Page_HVACR Technology and Infrastructure So_f4d782/a_About Us' is clicked on

2022-04-25 18:30:04 - [MESSAGE][PASSED] - Object: 'Object Repository/04252022_Climate_Blackbar_Navigation/Page_HVACR Technology and Infrastructure So_f4d782/a_About Us' is clicked on

2022-04-25 18:30:04 - [TEST_STEP][PASSED] - click(findTestObject("Object Repository/04252022_Climate_Blackbar_Navigation/Page_HVACR Technology and Infrastructure So_f4d782/a_Investors")): Object: 'Object Repository/04252022_Climate_Blackbar_Navigation/Page_HVACR Technology and Infrastructure So_f4d782/a_Investors' is clicked on

2022-04-25 18:30:05 - [MESSAGE][PASSED] - Object: 'Object Repository/04252022_Climate_Blackbar_Navigation/Page_HVACR Technology and Infrastructure So_f4d782/a_Investors' is clicked on

2022-04-25 18:30:05 - [TEST_STEP][PASSED] - click(findTestObject("Object Repository/04252022_Climate_Blackbar_Navigation/Page_HVACR Technology and Infrastructure So_f4d782/a_Careers")): Object: 'Object Repository/04252022_Climate_Blackbar_Navigation/Page_HVACR Technology and Infrastructure So_f4d782/a_Careers' is clicked on

2022-04-25 18:30:08 - [MESSAGE][PASSED] - Object: 'Object Repository/04252022_Climate_Blackbar_Navigation/Page_HVACR Technology and Infrastructure So_f4d782/a_Careers' is clicked on

2022-04-25 18:30:08 - [TEST_STEP][PASSED] - click(findTestObject("Object Repository/04252022_Climate_Blackbar_Navigation/Page_HVACR Technology and Infrastructure So_f4d782/a_Contact Us")): Object: 'Object Repository/04252022_Climate_Blackbar_Navigation/Page_HVACR Technology and Infrastructure So_f4d782/a_Contact Us' is clicked on

2022-04-25 18:30:19 - [MESSAGE][PASSED] - Object: 'Object Repository/04252022_Climate_Blackbar_Navigation/Page_HVACR Technology and Infrastructure So_f4d782/a_Contact Us' is clicked on

2022-04-25 18:30:19 - [TEST_STEP][PASSED] - click(findTestObject("Object Repository/04252022_Climate_Blackbar_Navigation/Page_HVACR Technology and Infrastructure So_f4d782/a_News  Events")): Object: 'Object Repository/04252022_Climate_Blackbar_Navigation/Page_HVACR Technology and Infrastructure So_f4d782/a_News  Events' is clicked on

2022-04-25 18:30:37 - [MESSAGE][PASSED] - Object: 'Object Repository/04252022_Climate_Blackbar_Navigation/Page_HVACR Technology and Infrastructure So_f4d782/a_News  Events' is clicked on

2022-04-25 18:30:37 - [TEST_STEP][PASSED] - click(findTestObject("Object Repository/04252022_Climate_Blackbar_Navigation/Page_HVACR Technology and Infrastructure So_f4d782/a_Sign In")): Object: 'Object Repository/04252022_Climate_Blackbar_Navigation/Page_HVACR Technology and Infrastructure So_f4d782/a_Sign In' is clicked on

2022-04-25 18:30:48 - [MESSAGE][PASSED] - Object: 'Object Repository/04252022_Climate_Blackbar_Navigation/Page_HVACR Technology and Infrastructure So_f4d782/a_Sign In' is clicked on

2022-04-25 18:30:48 - [TEST_STEP][PASSED] - click(findTestObject("Object Repository/04252022_Climate_Blackbar_Navigation/Page_HVACR Technology and Infrastructure So_f4d782/a_Emerson.com")): Object: 'Object Repository/04252022_Climate_Blackbar_Navigation/Page_HVACR Technology and Infrastructure So_f4d782/a_Emerson.com' is clicked on

2022-04-25 18:30:50 - [MESSAGE][PASSED] - Object: 'Object Repository/04252022_Climate_Blackbar_Navigation/Page_HVACR Technology and Infrastructure So_f4d782/a_Emerson.com' is clicked on

2022-04-25 18:30:50 - [TEST_STEP][PASSED] - closeBrowser(): Browser is closed

2022-04-25 18:30:51 - [MESSAGE][PASSED] - Browser is closed]]></system-out>
         <system-err><![CDATA[]]></system-err>
      </testcase>
      <testcase name="Test Cases/04252022_Climate Main Navigation" time="28.899" classname="Test Cases/04252022_Climate Main Navigation" status="PASSED">
         <system-out><![CDATA[2022-04-25 18:30:51 - [TEST_CASE][PASSED] - Test Cases/04252022_Climate Main Navigation: Test Cases/04252022_Climate Main Navigation

2022-04-25 18:30:51 - [TEST_STEP][PASSED] - openBrowser(""): Browser is opened with url: ''

2022-04-25 18:30:51 - [MESSAGE][INFO] - Starting 'Chrome' driver

2022-04-25 18:30:52 - [MESSAGE][INFO] - Action delay is set to 0 milliseconds

2022-04-25 18:30:54 - [MESSAGE][PASSED] - Browser is opened with url: ''

2022-04-25 18:30:54 - [TEST_STEP][PASSED] - navigateToUrl("https://climate.emerson.com/en-us"): Navigate to 'https://climate.emerson.com/en-us' successfully

2022-04-25 18:30:59 - [MESSAGE][PASSED] - Navigate to 'https://climate.emerson.com/en-us' successfully

2022-04-25 18:30:59 - [TEST_STEP][PASSED] - click(findTestObject("Object Repository/Climate Homepage Main Navigation/Page_HVACR Technology and Infrastructure So_f4d782/button_Accept All Cookies")): Object: 'Object Repository/Climate Homepage Main Navigation/Page_HVACR Technology and Infrastructure So_f4d782/button_Accept All Cookies' is clicked on

2022-04-25 18:31:01 - [MESSAGE][PASSED] - Object: 'Object Repository/Climate Homepage Main Navigation/Page_HVACR Technology and Infrastructure So_f4d782/button_Accept All Cookies' is clicked on

2022-04-25 18:31:01 - [TEST_STEP][PASSED] - click(findTestObject("Object Repository/Climate Homepage Main Navigation/Page_HVACR Technology and Infrastructure So_f4d782/span_Products")): Object: 'Object Repository/Climate Homepage Main Navigation/Page_HVACR Technology and Infrastructure So_f4d782/span_Products' is clicked on

2022-04-25 18:31:06 - [MESSAGE][PASSED] - Object: 'Object Repository/Climate Homepage Main Navigation/Page_HVACR Technology and Infrastructure So_f4d782/span_Products' is clicked on

2022-04-25 18:31:06 - [TEST_STEP][PASSED] - click(findTestObject("Object Repository/Climate Homepage Main Navigation/Page_Climate Technologies Product Portfolio_80ee61/span_Industries")): Object: 'Object Repository/Climate Homepage Main Navigation/Page_Climate Technologies Product Portfolio_80ee61/span_Industries' is clicked on

2022-04-25 18:31:10 - [MESSAGE][PASSED] - Object: 'Object Repository/Climate Homepage Main Navigation/Page_Climate Technologies Product Portfolio_80ee61/span_Industries' is clicked on

2022-04-25 18:31:10 - [TEST_STEP][PASSED] - click(findTestObject("Object Repository/Climate Homepage Main Navigation/Page_HVAC and Refrigeration Industries  Emerson US/span_Training  Support")): Object: 'Object Repository/Climate Homepage Main Navigation/Page_HVAC and Refrigeration Industries  Emerson US/span_Training  Support' is clicked on

2022-04-25 18:31:13 - [MESSAGE][PASSED] - Object: 'Object Repository/Climate Homepage Main Navigation/Page_HVAC and Refrigeration Industries  Emerson US/span_Training  Support' is clicked on

2022-04-25 18:31:13 - [TEST_STEP][PASSED] - click(findTestObject("Object Repository/Climate Homepage Main Navigation/Page_HVACR Industry Training  Support  Emerson US/span_Tools  Resources")): Object: 'Object Repository/Climate Homepage Main Navigation/Page_HVACR Industry Training  Support  Emerson US/span_Tools  Resources' is clicked on

2022-04-25 18:31:16 - [MESSAGE][PASSED] - Object: 'Object Repository/Climate Homepage Main Navigation/Page_HVACR Industry Training  Support  Emerson US/span_Tools  Resources' is clicked on

2022-04-25 18:31:16 - [TEST_STEP][PASSED] - click(findTestObject("Object Repository/Climate Homepage Main Navigation/Page_HVACR Tools  Resources  Emerson US/span_Expertise")): Object: 'Object Repository/Climate Homepage Main Navigation/Page_HVACR Tools  Resources  Emerson US/span_Expertise' is clicked on

2022-04-25 18:31:20 - [MESSAGE][PASSED] - Object: 'Object Repository/Climate Homepage Main Navigation/Page_HVACR Tools  Resources  Emerson US/span_Expertise' is clicked on]]></system-out>
         <system-err><![CDATA[]]></system-err>
      </testcase>
      <system-out><![CDATA[2022-04-25 18:29:32 - [TEST_SUITE][FAILED] - Climate_Top_Navigation_Regression: Test Cases/04252022_Climate Blackbar Navigation FAILED.
Reason:
com.kms.katalon.core.exception.StepFailedException: Unable to click on object 'Object Repository/04252022_Climate_Blackbar_Navigation/Page_HVACR Technology and Infrastructure So_f4d782/a_About Us'
	at com.kms.katalon.core.webui.keyword.internal.WebUIKeywordMain.stepFailed(WebUIKeywordMain.groovy:64)
	at com.kms.katalon.core.webui.keyword.internal.WebUIKeywordMain.runKeyword(WebUIKeywordMain.groovy:26)
	at com.kms.katalon.core.webui.keyword.builtin.ClickKeyword.click(ClickKeyword.groovy:74)
	at com.kms.katalon.core.webui.keyword.builtin.ClickKeyword.execute(ClickKeyword.groovy:40)
	at com.kms.katalon.core.keyword.internal.KeywordExecutor.executeKeywordForPlatform(KeywordExecutor.groovy:74)
	at com.kms.katalon.core.webui.keyword.WebUiBuiltInKeywords.click(WebUiBuiltInKeywords.groovy:620)
	at com.kms.katalon.core.webui.keyword.WebUiBuiltInKeywords$click$1.call(Unknown Source)
	at 04252022_Climate Blackbar Navigation.run(04252022_Climate Blackbar Navigation:26)
	at com.kms.katalon.core.main.ScriptEngine.run(ScriptEngine.java:194)
	at com.kms.katalon.core.main.ScriptEngine.runScriptAsRawText(ScriptEngine.java:119)
	at com.kms.katalon.core.main.TestCaseExecutor.runScript(TestCaseExecutor.java:445)
	at com.kms.katalon.core.main.TestCaseExecutor.doExecute(TestCaseExecutor.java:436)
	at com.kms.katalon.core.main.TestCaseExecutor.processExecutionPhase(TestCaseExecutor.java:415)
	at com.kms.katalon.core.main.TestCaseExecutor.accessMainPhase(TestCaseExecutor.java:407)
	at com.kms.katalon.core.main.TestCaseExecutor.execute(TestCaseExecutor.java:284)
	at com.kms.katalon.core.common.CommonExecutor.accessTestCaseMainPhase(CommonExecutor.java:65)
	at com.kms.katalon.core.main.TestSuiteExecutor.accessTestSuiteMainPhase(TestSuiteExecutor.java:144)
	at com.kms.katalon.core.main.TestSuiteExecutor.execute(TestSuiteExecutor.java:106)
	at com.kms.katalon.core.main.TestCaseMain.startTestSuite(TestCaseMain.java:185)
	at com.kms.katalon.core.main.TestCaseMain$startTestSuite$0.call(Unknown Source)
	at TempTestSuite1650882568103.run(TempTestSuite1650882568103.groovy:36)
Caused by: org.openqa.selenium.ElementNotInteractableException: element not interactable
  (Session info: chrome=100.0.4896.127)
Build info: version: '3.141.59', revision: 'e82be7d358', time: '2018-11-14T08:25:53'
System info: host: 'PHCORPLBVMQLQ2', ip: '10.169.2.33', os.name: 'Windows 10', os.arch: 'amd64', os.version: '10.0', java.version: '1.8.0_282'
Driver info: com.kms.katalon.selenium.driver.CChromeDriver
Capabilities {acceptInsecureCerts: false, browserName: chrome, browserVersion: 100.0.4896.127, chrome: {chromedriverVersion: 100.0.4896.60 (6a5d10861ce8..., userDataDir: C:\Users\HARVEY~1.JAN\AppDa...}, goog:chromeOptions: {debuggerAddress: localhost:61110}, javascriptEnabled: true, networkConnectionEnabled: false, pageLoadStrategy: normal, platform: WINDOWS, platformName: WINDOWS, proxy: Proxy(), setWindowRect: true, strictFileInteractability: false, timeouts: {implicit: 0, pageLoad: 300000, script: 30000}, unhandledPromptBehavior: dismiss and notify, webauthn:extension:credBlob: true, webauthn:extension:largeBlob: true, webauthn:virtualAuthenticators: true}
Session ID: e68c31c12dd6cb12006ead7883d2c20d
	at org.openqa.selenium.remote.http.W3CHttpResponseCodec.createException(W3CHttpResponseCodec.java:187)
	at org.openqa.selenium.remote.http.W3CHttpResponseCodec.decode(W3CHttpResponseCodec.java:122)
	at org.openqa.selenium.remote.http.W3CHttpResponseCodec.decode(W3CHttpResponseCodec.java:49)
	at org.openqa.selenium.remote.HttpCommandExecutor.execute(HttpCommandExecutor.java:158)
	at org.openqa.selenium.remote.service.DriverCommandExecutor.execute(DriverCommandExecutor.java:83)
	at org.openqa.selenium.remote.RemoteWebDriver.execute(RemoteWebDriver.java:552)
	at com.kms.katalon.selenium.driver.CChromeDriver.execute(CChromeDriver.java:19)
	at org.openqa.selenium.remote.RemoteWebElement.execute(RemoteWebElement.java:285)
	at org.openqa.selenium.remote.RemoteWebElement.click(RemoteWebElement.java:84)
	at org.openqa.selenium.support.events.EventFiringWebDriver$EventFiringWebElement.lambda$new$0(EventFiringWebDriver.java:404)
	at com.sun.proxy.$Proxy11.click(Unknown Source)
	at org.openqa.selenium.support.events.EventFiringWebDriver$EventFiringWebElement.click(EventFiringWebDriver.java:417)
	at org.openqa.selenium.WebElement$click.call(Unknown Source)
	at com.kms.katalon.core.webui.keyword.builtin.ClickKeyword.clickUntilSuccessWithTimeout(ClickKeyword.groovy:81)
	at com.kms.katalon.core.webui.keyword.builtin.ClickKeyword.clickUntilSuccessWithTimeout(ClickKeyword.groovy)
	at com.kms.katalon.core.webui.keyword.builtin.ClickKeyword$_click_closure1.doCall(ClickKeyword.groovy:67)
	at com.kms.katalon.core.webui.keyword.builtin.ClickKeyword$_click_closure1.call(ClickKeyword.groovy)
	at com.kms.katalon.core.webui.keyword.internal.WebUIKeywordMain.runKeyword(WebUIKeywordMain.groovy:20)
	... 19 more]]></system-out>
      <system-err><![CDATA[2022-04-25 18:29:32 - [TEST_SUITE][FAILED] - Climate_Top_Navigation_Regression: Test Cases/04252022_Climate Blackbar Navigation FAILED.
Reason:
com.kms.katalon.core.exception.StepFailedException: Unable to click on object 'Object Repository/04252022_Climate_Blackbar_Navigation/Page_HVACR Technology and Infrastructure So_f4d782/a_About Us'
	at com.kms.katalon.core.webui.keyword.internal.WebUIKeywordMain.stepFailed(WebUIKeywordMain.groovy:64)
	at com.kms.katalon.core.webui.keyword.internal.WebUIKeywordMain.runKeyword(WebUIKeywordMain.groovy:26)
	at com.kms.katalon.core.webui.keyword.builtin.ClickKeyword.click(ClickKeyword.groovy:74)
	at com.kms.katalon.core.webui.keyword.builtin.ClickKeyword.execute(ClickKeyword.groovy:40)
	at com.kms.katalon.core.keyword.internal.KeywordExecutor.executeKeywordForPlatform(KeywordExecutor.groovy:74)
	at com.kms.katalon.core.webui.keyword.WebUiBuiltInKeywords.click(WebUiBuiltInKeywords.groovy:620)
	at com.kms.katalon.core.webui.keyword.WebUiBuiltInKeywords$click$1.call(Unknown Source)
	at 04252022_Climate Blackbar Navigation.run(04252022_Climate Blackbar Navigation:26)
	at com.kms.katalon.core.main.ScriptEngine.run(ScriptEngine.java:194)
	at com.kms.katalon.core.main.ScriptEngine.runScriptAsRawText(ScriptEngine.java:119)
	at com.kms.katalon.core.main.TestCaseExecutor.runScript(TestCaseExecutor.java:445)
	at com.kms.katalon.core.main.TestCaseExecutor.doExecute(TestCaseExecutor.java:436)
	at com.kms.katalon.core.main.TestCaseExecutor.processExecutionPhase(TestCaseExecutor.java:415)
	at com.kms.katalon.core.main.TestCaseExecutor.accessMainPhase(TestCaseExecutor.java:407)
	at com.kms.katalon.core.main.TestCaseExecutor.execute(TestCaseExecutor.java:284)
	at com.kms.katalon.core.common.CommonExecutor.accessTestCaseMainPhase(CommonExecutor.java:65)
	at com.kms.katalon.core.main.TestSuiteExecutor.accessTestSuiteMainPhase(TestSuiteExecutor.java:144)
	at com.kms.katalon.core.main.TestSuiteExecutor.execute(TestSuiteExecutor.java:106)
	at com.kms.katalon.core.main.TestCaseMain.startTestSuite(TestCaseMain.java:185)
	at com.kms.katalon.core.main.TestCaseMain$startTestSuite$0.call(Unknown Source)
	at TempTestSuite1650882568103.run(TempTestSuite1650882568103.groovy:36)
Caused by: org.openqa.selenium.ElementNotInteractableException: element not interactable
  (Session info: chrome=100.0.4896.127)
Build info: version: '3.141.59', revision: 'e82be7d358', time: '2018-11-14T08:25:53'
System info: host: 'PHCORPLBVMQLQ2', ip: '10.169.2.33', os.name: 'Windows 10', os.arch: 'amd64', os.version: '10.0', java.version: '1.8.0_282'
Driver info: com.kms.katalon.selenium.driver.CChromeDriver
Capabilities {acceptInsecureCerts: false, browserName: chrome, browserVersion: 100.0.4896.127, chrome: {chromedriverVersion: 100.0.4896.60 (6a5d10861ce8..., userDataDir: C:\Users\HARVEY~1.JAN\AppDa...}, goog:chromeOptions: {debuggerAddress: localhost:61110}, javascriptEnabled: true, networkConnectionEnabled: false, pageLoadStrategy: normal, platform: WINDOWS, platformName: WINDOWS, proxy: Proxy(), setWindowRect: true, strictFileInteractability: false, timeouts: {implicit: 0, pageLoad: 300000, script: 30000}, unhandledPromptBehavior: dismiss and notify, webauthn:extension:credBlob: true, webauthn:extension:largeBlob: true, webauthn:virtualAuthenticators: true}
Session ID: e68c31c12dd6cb12006ead7883d2c20d
	at org.openqa.selenium.remote.http.W3CHttpResponseCodec.createException(W3CHttpResponseCodec.java:187)
	at org.openqa.selenium.remote.http.W3CHttpResponseCodec.decode(W3CHttpResponseCodec.java:122)
	at org.openqa.selenium.remote.http.W3CHttpResponseCodec.decode(W3CHttpResponseCodec.java:49)
	at org.openqa.selenium.remote.HttpCommandExecutor.execute(HttpCommandExecutor.java:158)
	at org.openqa.selenium.remote.service.DriverCommandExecutor.execute(DriverCommandExecutor.java:83)
	at org.openqa.selenium.remote.RemoteWebDriver.execute(RemoteWebDriver.java:552)
	at com.kms.katalon.selenium.driver.CChromeDriver.execute(CChromeDriver.java:19)
	at org.openqa.selenium.remote.RemoteWebElement.execute(RemoteWebElement.java:285)
	at org.openqa.selenium.remote.RemoteWebElement.click(RemoteWebElement.java:84)
	at org.openqa.selenium.support.events.EventFiringWebDriver$EventFiringWebElement.lambda$new$0(EventFiringWebDriver.java:404)
	at com.sun.proxy.$Proxy11.click(Unknown Source)
	at org.openqa.selenium.support.events.EventFiringWebDriver$EventFiringWebElement.click(EventFiringWebDriver.java:417)
	at org.openqa.selenium.WebElement$click.call(Unknown Source)
	at com.kms.katalon.core.webui.keyword.builtin.ClickKeyword.clickUntilSuccessWithTimeout(ClickKeyword.groovy:81)
	at com.kms.katalon.core.webui.keyword.builtin.ClickKeyword.clickUntilSuccessWithTimeout(ClickKeyword.groovy)
	at com.kms.katalon.core.webui.keyword.builtin.ClickKeyword$_click_closure1.doCall(ClickKeyword.groovy:67)
	at com.kms.katalon.core.webui.keyword.builtin.ClickKeyword$_click_closure1.call(ClickKeyword.groovy)
	at com.kms.katalon.core.webui.keyword.internal.WebUIKeywordMain.runKeyword(WebUIKeywordMain.groovy:20)
	... 19 more]]></system-err>
   </testsuite>
</testsuites>
